#   A_x        A_y      nu_x    nu_y
#
#  1.000e+00 -1.000e+01 particle lost
#  1.000e+00 -9.600e+00 particle lost
#  1.000e+00 -9.200e+00 particle lost
#  1.000e+00 -8.800e+00 particle lost
#  1.000e+00 -8.400e+00 particle lost
#  1.000e+00 -8.000e+00 particle lost
#  1.000e+00 -7.600e+00 particle lost
#  1.000e+00 -7.200e+00 particle lost
#  1.000e+00 -6.800e+00 particle lost
#  1.000e+00 -6.400e+00 particle lost
 1.000e+00 -6.000e+00  2.566e-02  2.873e+00 0.07687 0.13479
 1.000e+00 -5.600e+00  2.566e-02  2.503e+00 0.07732 0.13414
 1.000e+00 -5.200e+00  2.566e-02  2.158e+00 0.07384 0.13279
 1.000e+00 -4.800e+00  2.566e-02  1.839e+00 0.07163 0.13215
 1.000e+00 -4.400e+00  2.566e-02  1.545e+00 0.06974 0.13181
 1.000e+00 -4.000e+00  2.566e-02  1.277e+00 0.06828 0.13161
 1.000e+00 -3.600e+00  2.566e-02  1.034e+00 0.06707 0.13151
 1.000e+00 -3.200e+00  2.566e-02  8.172e-01 0.06600 0.13148
 1.000e+00 -2.800e+00  2.566e-02  6.257e-01 0.06543 0.13141
 1.000e+00 -2.400e+00  2.566e-02  4.597e-01 0.06484 0.13138
 1.000e+00 -2.000e+00  2.566e-02  3.192e-01 0.06442 0.13134
 1.000e+00 -1.600e+00  2.566e-02  2.043e-01 0.06411 0.13131
 1.000e+00 -1.200e+00  2.566e-02  1.149e-01 0.06390 0.13129
 1.000e+00 -8.000e-01  2.566e-02  5.108e-02 0.06376 0.13127
 1.000e+00 -4.000e-01  2.566e-02  1.277e-02 0.06367 0.13125
 1.000e+00  1.000e+00  2.566e-02  7.981e-02 0.06382 0.13128
 1.000e+00  4.000e-01  2.566e-02  1.277e-02 0.06367 0.13125
 1.000e+00  8.000e-01  2.566e-02  5.108e-02 0.06376 0.13127
 1.000e+00  1.200e+00  2.566e-02  1.149e-01 0.06390 0.13129
 1.000e+00  1.600e+00  2.566e-02  2.043e-01 0.06411 0.13131
 1.000e+00  2.000e+00  2.566e-02  3.192e-01 0.06442 0.13134
 1.000e+00  2.400e+00  2.566e-02  4.597e-01 0.06484 0.13138
 1.000e+00  2.800e+00  2.566e-02  6.257e-01 0.06543 0.13141
 1.000e+00  3.200e+00  2.566e-02  8.172e-01 0.06600 0.13148
 1.000e+00  3.600e+00  2.566e-02  1.034e+00 0.06707 0.13151
 1.000e+00  4.000e+00  2.566e-02  1.277e+00 0.06828 0.13161
 1.000e+00  4.400e+00  2.566e-02  1.545e+00 0.06974 0.13181
 1.000e+00  4.800e+00  2.566e-02  1.839e+00 0.07163 0.13215
 1.000e+00  5.200e+00  2.566e-02  2.158e+00 0.07384 0.13279
 1.000e+00  5.600e+00  2.566e-02  2.503e+00 0.07732 0.13414
 1.000e+00  6.000e+00  2.566e-02  2.873e+00 0.07882 0.13477
#  1.000e+00  6.400e+00 particle lost
#  1.000e+00  6.800e+00 particle lost
#  1.000e+00  7.200e+00 particle lost
#  1.000e+00  7.600e+00 particle lost
#  1.000e+00  8.000e+00 particle lost
#  1.000e+00  8.400e+00 particle lost
#  1.000e+00  8.800e+00 particle lost
#  1.000e+00  9.200e+00 particle lost
#  1.000e+00  9.600e+00 particle lost
#  1.000e+00  1.000e+01 particle lost
