#   A_x        A_y        J_x        J_y      nu_x    nu_y
#
-2.000e+01  1.000e+00  1.027e+01  8.009e-02 0.11111 0.15666
-1.920e+01  1.000e+00  9.466e+00  8.009e-02 0.10918 0.15550
-1.840e+01  1.000e+00  8.693e+00  8.009e-02 0.10279 0.15203
-1.760e+01  1.000e+00  7.954e+00  8.009e-02 0.09858 0.14782
-1.680e+01  1.000e+00  7.247e+00  8.009e-02 0.09538 0.14691
-1.600e+01  1.000e+00  6.573e+00  8.009e-02 0.09158 0.14481
-1.520e+01  1.000e+00  5.932e+00  8.009e-02 0.08863 0.14318
-1.440e+01  1.000e+00  5.324e+00  8.009e-02 0.08557 0.14151
-1.360e+01  1.000e+00  4.749e+00  8.009e-02 0.08346 0.14034
-1.280e+01  1.000e+00  4.207e+00  8.009e-02 0.08066 0.13882
-1.200e+01  1.000e+00  3.697e+00  8.009e-02 0.07849 0.13767
-1.120e+01  1.000e+00  3.221e+00  8.009e-02 0.07644 0.13661
-1.040e+01  1.000e+00  2.777e+00  8.009e-02 0.07468 0.13573
-9.600e+00  1.000e+00  2.366e+00  8.009e-02 0.07306 0.13492
-8.800e+00  1.000e+00  1.988e+00  8.009e-02 0.07159 0.13421
-8.000e+00  1.000e+00  1.643e+00  8.009e-02 0.07023 0.13358
-7.200e+00  1.000e+00  1.331e+00  8.009e-02 0.06898 0.13304
-6.400e+00  1.000e+00  1.052e+00  8.009e-02 0.06783 0.13259
-5.600e+00  1.000e+00  8.052e-01  8.009e-02 0.06677 0.13225
-4.800e+00  1.000e+00  5.916e-01  8.009e-02 0.06592 0.13204
-4.000e+00  1.000e+00  4.108e-01  8.009e-02 0.06510 0.13180
-3.200e+00  1.000e+00  2.629e-01  8.009e-02 0.06454 0.13164
-2.400e+00  1.000e+00  1.479e-01  8.009e-02 0.06415 0.13149
-1.600e+00  1.000e+00  6.573e-02  8.009e-02 0.06392 0.13135
-8.000e-01  1.000e+00  1.643e-02  8.009e-02 0.06380 0.13125
 1.000e+00  1.000e+00  2.568e-02  8.009e-02 0.06382 0.13128
 8.000e-01  1.000e+00  1.643e-02  8.009e-02 0.06380 0.13126
 1.600e+00  1.000e+00  6.573e-02  8.009e-02 0.06393 0.13137
 2.400e+00  1.000e+00  1.479e-01  8.009e-02 0.06421 0.13152
 3.200e+00  1.000e+00  2.629e-01  8.009e-02 0.06470 0.13169
 4.000e+00  1.000e+00  4.108e-01  8.009e-02 0.06544 0.13188
 4.800e+00  1.000e+00  5.916e-01  8.009e-02 0.06652 0.13216
 5.600e+00  1.000e+00  8.052e-01  8.009e-02 0.06778 0.13257
 6.400e+00  1.000e+00  1.052e+00  8.009e-02 0.06930 0.13317
 7.200e+00  1.000e+00  1.331e+00  8.009e-02 0.07105 0.13396
 8.000e+00  1.000e+00  1.643e+00  8.009e-02 0.07308 0.13494
 8.800e+00  1.000e+00  1.988e+00  8.009e-02 0.07548 0.13613
 9.600e+00  1.000e+00  2.366e+00  8.009e-02 0.07841 0.13763
 1.040e+01  1.000e+00  2.777e+00  8.009e-02 0.08186 0.13946
 1.120e+01  1.000e+00  3.221e+00  8.009e-02 0.08598 0.14171
 1.200e+01  1.000e+00  3.697e+00  8.009e-02 0.09091 0.14442
 1.280e+01  1.000e+00  4.207e+00  8.009e-02 0.09666 0.14766
 1.360e+01  1.000e+00  4.749e+00  8.009e-02 0.10472 0.15289
 1.440e+01  1.000e+00  5.324e+00  8.009e-02 0.11426 0.15857
 1.520e+01  1.000e+00  5.932e+00  8.009e-02 0.12500 0.16533
#  1.600e+01  1.000e+00 particle lost
#  1.680e+01  1.000e+00 particle lost
#  1.760e+01  1.000e+00 particle lost
#  1.840e+01  1.000e+00 particle lost
#  1.920e+01  1.000e+00 particle lost
#  2.000e+01  1.000e+00 particle lost
