# dbeta_x/beta_x  dbeta_y/beta_y  dnu_x  dnu_y
#      [%]             [%]
#
   6.0  14.48  -6.91 -5.342e-03  9.071e-03
   6.9  13.63  -6.05 -6.334e-03  1.021e-02
   7.8  13.04  -5.45 -7.163e-03  1.090e-02
  12.6  12.28  -5.64 -8.930e-03  1.121e-02
  13.8   7.59  -8.59  1.308e-03  1.418e-02
  13.9   8.72  -9.39  5.926e-04  1.627e-02
  15.3   8.81  -9.43  5.303e-04  1.653e-02
  15.7  10.01  -9.46 -4.553e-04  1.869e-02
  20.5  10.77  -9.39 -1.243e-03  1.913e-02
  22.0  -1.52  -7.43  3.230e-03  2.242e-02
  23.1  -0.88  -3.28  3.334e-03  2.363e-02
  29.9  -1.27   0.04  3.501e-03  2.387e-02
  31.0   2.88 -17.54  5.405e-03  1.389e-02
  32.5   2.66 -15.98  5.023e-03  1.625e-02
  37.1   1.12 -12.25  4.802e-03  1.922e-02
  37.7  16.82   0.37  1.376e-02  2.150e-02
  39.0  15.87   3.31  1.214e-02  2.137e-02
  39.1  14.78  13.38  1.079e-02  1.946e-02
  40.4  14.69  14.60  1.068e-02  1.908e-02
  45.2  13.12  24.50  9.233e-03  1.459e-02
  46.1  15.60  36.31  2.375e-02  2.182e-03
  47.0  17.07  36.40  2.191e-02 -3.902e-05
  48.1  17.79  34.80  2.093e-02 -4.773e-03
  57.6  18.65  30.29  1.961e-02 -1.062e-02
  58.8  17.73  28.59  6.829e-03 -4.024e-02
  59.7  16.83  32.56  5.608e-03 -4.567e-02
  60.5  16.02  33.84  4.586e-03 -4.967e-02
  65.4  14.47  33.44  2.454e-03 -5.155e-02
  66.6  12.13  21.29  1.630e-02 -6.304e-02
  66.7  13.39  11.82  1.518e-02 -6.688e-02
  68.1  13.48  10.69  1.508e-02 -6.718e-02
  68.5  14.72   1.45  1.361e-02 -6.856e-02
  73.3  15.44  -0.34  1.246e-02 -6.858e-02
  74.8   0.85 -12.48  2.037e-02 -6.599e-02
  75.9   1.89 -15.94  2.021e-02 -6.281e-02
  82.7   1.94 -17.17  1.990e-02 -6.053e-02
  83.8  -0.27  -1.51  2.191e-02 -7.104e-02
  85.3  -0.08  -4.59  2.193e-02 -7.061e-02
  89.9  -1.02  -8.09  2.198e-02 -6.926e-02
  90.5  10.77  -9.69  2.682e-02 -6.598e-02
  91.8   9.88  -9.77  2.579e-02 -6.529e-02
  91.9   8.95  -9.59  2.496e-02 -6.304e-02
  93.2   8.87  -9.52  2.490e-02 -6.278e-02
  98.0   7.63  -8.57  2.404e-02 -6.070e-02
  98.9  11.80  -5.43  3.374e-02 -5.786e-02
  99.8  12.63  -5.42  3.237e-02 -5.754e-02
 100.9  13.25  -6.04  3.165e-02 -5.678e-02
 110.4  14.28  -6.87  3.065e-02 -5.563e-02
 111.6  18.38   4.38  1.926e-02 -4.641e-02
 112.5  18.12   5.75  1.797e-02 -4.731e-02
 113.3  17.89   6.42  1.685e-02 -4.804e-02
 118.2  17.53   6.25  1.437e-02 -4.840e-02
 119.4   7.85   2.06  2.745e-02 -5.013e-02
 119.5   9.59  -0.52  2.669e-02 -5.031e-02
 120.9   9.73  -0.82  2.662e-02 -5.029e-02
 121.3  11.67  -3.20  2.550e-02 -4.983e-02
 126.1  12.97  -3.65  2.456e-02 -4.967e-02
 127.6  -4.37  -6.59  2.845e-02 -4.768e-02
 128.7  -2.98  -6.92  2.880e-02 -4.616e-02
 135.5  -1.66  -6.66  2.918e-02 -4.523e-02
 136.6  -5.79  -4.67  2.053e-02 -5.144e-02
 138.1  -6.35  -5.43  2.136e-02 -5.073e-02
 142.7  -7.35  -5.94  2.209e-02 -4.953e-02
 143.3   5.74  -4.97  2.109e-02 -4.753e-02
 144.6   4.20  -4.65  2.059e-02 -4.718e-02
 144.7   2.80  -3.37  2.029e-02 -4.625e-02
 146.0   2.69  -3.19  2.027e-02 -4.616e-02
 150.8   1.03  -1.60  2.007e-02 -4.561e-02
 151.7  12.47   1.49  2.664e-02 -4.558e-02
 152.6  12.10   1.22  2.525e-02 -4.567e-02
 153.7  12.23  -0.30  2.458e-02 -4.574e-02
 163.2  12.79  -2.65  2.367e-02 -4.548e-02
 164.4  14.29  -3.69  1.425e-02 -2.691e-02
 165.3  14.08  -1.47  1.325e-02 -2.646e-02
 166.1  14.13  -0.08  1.237e-02 -2.637e-02
 171.0  14.81   0.04  1.035e-02 -2.637e-02
 172.2   2.23  -1.49  1.893e-02 -2.607e-02
 172.3   3.83  -2.21  1.867e-02 -2.564e-02
 173.7   3.95  -2.28  1.864e-02 -2.558e-02
 174.1   5.84  -2.77  1.813e-02 -2.500e-02
 178.9   7.17  -2.85  1.763e-02 -2.486e-02
 180.4  -7.49  -3.14  1.720e-02 -2.372e-02
 181.5  -6.38  -2.98  1.789e-02 -2.303e-02
 188.3  -5.07  -2.64  1.881e-02 -2.264e-02
 189.4  -5.56  -2.77  6.720e-03 -2.563e-02
 190.9  -6.61  -3.10  7.553e-03 -2.522e-02
 195.5  -7.93  -3.13  8.336e-03 -2.455e-02
 196.1   7.09  -2.79  7.622e-03 -2.347e-02
 197.4   5.32  -2.66  7.005e-03 -2.328e-02
 197.5   3.72  -2.10  6.607e-03 -2.273e-02
 198.8   3.59  -2.02  6.581e-03 -2.267e-02
 203.6   1.69  -1.27  6.307e-03 -2.229e-02
 204.5  14.59   0.26  1.423e-02 -2.209e-02
 205.4  14.10  -0.12  1.261e-02 -2.210e-02
 206.5  14.09  -1.71  1.183e-02 -2.198e-02
 216.0  14.37  -4.01  1.080e-02 -2.148e-02
 217.2  12.54  -2.35  1.435e-03 -2.848e-03
 218.1  12.07  -0.08  5.678e-04 -2.640e-03
 218.9  11.99   1.26 -1.789e-04 -2.714e-03
 223.8  12.59   1.25 -1.892e-03 -2.790e-03
 225.0   1.46  -1.87  5.166e-03 -2.656e-03
 225.1   2.84  -3.41  4.978e-03 -2.040e-03
 226.5   2.95  -3.57  4.958e-03 -1.945e-03
 226.9   4.58  -4.76  4.564e-03 -9.891e-04
 231.7   5.74  -4.96  4.173e-03 -7.618e-04
 233.2  -6.97  -5.85  3.403e-03  1.326e-03
 234.3  -6.19  -5.13  4.052e-03  2.559e-03
 241.1  -5.52  -4.28  4.993e-03  3.208e-03
 242.2  -1.82  -6.92 -3.527e-03 -2.941e-03
 243.7  -2.90  -7.09 -3.204e-03 -1.953e-03
 248.3  -4.52  -6.62 -2.810e-03 -5.085e-04
 248.9  12.37  -3.70  8.298e-04  1.394e-03
 250.2  10.75  -2.99 -3.212e-04  1.633e-03
 250.3   9.18  -0.51 -1.198e-03  2.041e-03
 251.6   9.05  -0.20 -1.263e-03  2.051e-03
 256.4   7.07   2.40 -2.102e-03  1.800e-03
 257.3  16.77   6.51  9.783e-03 -7.091e-07
 258.2  17.09   6.49  7.870e-03 -4.016e-04
 259.3  17.32   5.68  6.912e-03 -1.211e-03
   0.0  17.70   4.14  5.642e-03 -2.098e-03
