b_2:

qh1              1 -0.36759
qh1              2 -0.37089
qh1              3 -0.36967
qh1              4 -0.36738
qh1              5 -0.36960
qh1              6 -0.36543
qh1              7 -0.36684
qh1              8 -0.36684
qh1              9 -0.36550
qh1             10 -0.36903
qh2             11  1.48150
qh2             12  1.47899
qh2             13  1.47989
qh2             14  1.48170
qh2             15  1.48036
qh2             16  1.48359
qh2             17  1.48276
qh2             18  1.48278
qh2             19  1.48351
qh2             20  1.48076
qh3             21 -1.78217
qh3             22 -1.78772
qh3             23 -1.78535
qh3             24 -1.78219
qh3             25 -1.78683
qh3             26 -1.77995
qh3             27 -1.78337
qh3             28 -1.78331
qh3             29 -1.77984
qh3             30 -1.78678
ql1             31 -1.86922
ql1             32 -1.86826
ql1             33 -1.86822
ql1             34 -1.86822
ql1             35 -1.86313
ql1             36 -1.86396
ql1             37 -1.86113
ql1             38 -1.86117
ql1             39 -1.86414
ql1             40 -1.86288
ql2             41  2.01330
ql2             42  2.01244
ql2             43  2.01247
ql2             44  2.01383
ql2             45  2.01479
ql2             46  2.01639
ql2             47  2.01656
ql2             48  2.01645
ql2             49  2.01641
ql2             50  2.01522
ql3             51 -1.54838
ql3             52 -1.54831
ql3             53 -1.54762
ql3             54 -1.54710
ql3             55 -1.53893
ql3             56 -1.53856
ql3             57 -1.53422
ql3             58 -1.53420
ql3             59 -1.53886
ql3             60 -1.53891
